2018-04-06 07:27:09 25 [Warning] Using unique option prefix myisam-recover instead of myisam-recover-options is deprecated and will be removed in a future release. Please use the full name instead.
2018-04-06 07:27:09 25 [Note] Plugin 'FEDERATED' is disabled.
2018-04-06 07:27:09 25 [Note] InnoDB: Using atomics to ref count buffer pool pages
2018-04-06 07:27:09 25 [Note] InnoDB: The InnoDB memory heap is disabled
2018-04-06 07:27:09 25 [Note] InnoDB: Mutexes and rw_locks use GCC atomic builtins
2018-04-06 07:27:09 25 [Note] InnoDB: Memory barrier is not used
2018-04-06 07:27:09 25 [Note] InnoDB: Compressed tables use zlib 1.2.3
2018-04-06 07:27:09 25 [Note] InnoDB: Using Linux native AIO
2018-04-06 07:27:09 25 [Note] InnoDB: Using CPU crc32 instructions
2018-04-06 07:27:09 25 [Note] InnoDB: Initializing buffer pool, size = 32.0M
2018-04-06 07:27:09 25 [Note] InnoDB: Completed initialization of buffer pool
2018-04-06 07:27:09 25 [Note] InnoDB: Highest supported file format is Barracuda.
2018-04-06 07:27:09 25 [Note] InnoDB: The log sequence numbers 1625987 and 1625987 in ibdata files do not match the log sequence number 1625997 in the ib_logfiles!
2018-04-06 07:27:09 25 [Note] InnoDB: Database was not shutdown normally!
2018-04-06 07:27:09 25 [Note] InnoDB: Starting crash recovery.
2018-04-06 07:27:09 25 [Note] InnoDB: Reading tablespace information from the .ibd files...
2018-04-06 07:27:09 25 [Note] InnoDB: Restoring possible half-written data pages 
2018-04-06 07:27:09 25 [Note] InnoDB: from the doublewrite buffer...
2018-04-06 07:27:10 25 [Note] InnoDB: 128 rollback segment(s) are active.
2018-04-06 07:27:10 25 [Note] InnoDB: Waiting for purge to start
2018-04-06 07:27:10 25 [Note] InnoDB: 5.6.37 started; log sequence number 1625997
2018-04-06 07:27:10 25 [Note] Server hostname (bind-address): '*'; port: 3306
2018-04-06 07:27:10 25 [Note] IPv6 is available.
2018-04-06 07:27:10 25 [Note]   - '::' resolves to '::';
2018-04-06 07:27:10 25 [Note] Server socket created on IP: '::'.
2018-04-06 07:27:10 25 [ERROR] /usr/sbin/mysqld: Table './mysql/user' is marked as crashed and should be repaired
2018-04-06 07:27:10 25 [Warning] Checking table:   './mysql/user'
2018-04-06 07:27:10 25 [ERROR] 1 client is using or hasn't closed the table properly
2018-04-06 07:27:10 25 [Warning] 'user' entry 'root@e24d0b5cccc1' ignored in --skip-name-resolve mode.
2018-04-06 07:27:10 25 [Warning] 'user' entry '@e24d0b5cccc1' ignored in --skip-name-resolve mode.
2018-04-06 07:27:10 25 [Warning] 'proxies_priv' entry '@ root@e24d0b5cccc1' ignored in --skip-name-resolve mode.
2018-04-06 07:27:10 25 [Note] Event Scheduler: Loaded 0 events
2018-04-06 07:27:10 25 [Note] /usr/sbin/mysqld: ready for connections.
Version: '5.6.37'  socket: '/var/run/mysqld/mysqld.sock'  port: 3306  MySQL Community Server (GPL)
2018-04-09 17:19:31 36 [Warning] Using unique option prefix myisam-recover instead of myisam-recover-options is deprecated and will be removed in a future release. Please use the full name instead.
2018-04-09 17:19:31 36 [Note] Plugin 'FEDERATED' is disabled.
2018-04-09 17:19:31 36 [Note] InnoDB: Using atomics to ref count buffer pool pages
2018-04-09 17:19:31 36 [Note] InnoDB: The InnoDB memory heap is disabled
2018-04-09 17:19:31 36 [Note] InnoDB: Mutexes and rw_locks use GCC atomic builtins
2018-04-09 17:19:31 36 [Note] InnoDB: Memory barrier is not used
2018-04-09 17:19:31 36 [Note] InnoDB: Compressed tables use zlib 1.2.3
2018-04-09 17:19:31 36 [Note] InnoDB: Using Linux native AIO
2018-04-09 17:19:31 36 [Note] InnoDB: Using CPU crc32 instructions
2018-04-09 17:19:31 36 [Note] InnoDB: Initializing buffer pool, size = 32.0M
2018-04-09 17:19:31 36 [Note] InnoDB: Completed initialization of buffer pool
2018-04-09 17:19:31 36 [Note] InnoDB: Highest supported file format is Barracuda.
2018-04-09 17:19:31 36 [Note] InnoDB: The log sequence numbers 1625987 and 1625987 in ibdata files do not match the log sequence number 2516920 in the ib_logfiles!
2018-04-09 17:19:31 36 [Note] InnoDB: Database was not shutdown normally!
2018-04-09 17:19:31 36 [Note] InnoDB: Starting crash recovery.
2018-04-09 17:19:31 36 [Note] InnoDB: Reading tablespace information from the .ibd files...
2018-04-09 17:19:31 36 [Note] InnoDB: Restoring possible half-written data pages 
2018-04-09 17:19:31 36 [Note] InnoDB: from the doublewrite buffer...
2018-04-09 17:19:32 36 [Note] InnoDB: 128 rollback segment(s) are active.
2018-04-09 17:19:32 36 [Note] InnoDB: Waiting for purge to start
2018-04-09 17:19:32 36 [Note] InnoDB: 5.6.37 started; log sequence number 2516920
2018-04-09 17:19:32 36 [Note] Server hostname (bind-address): '*'; port: 3306
2018-04-09 17:19:32 36 [Note] IPv6 is available.
2018-04-09 17:19:32 36 [Note]   - '::' resolves to '::';
2018-04-09 17:19:32 36 [Note] Server socket created on IP: '::'.
2018-04-09 17:19:32 36 [Warning] 'user' entry 'root@e24d0b5cccc1' ignored in --skip-name-resolve mode.
2018-04-09 17:19:32 36 [Warning] 'user' entry '@e24d0b5cccc1' ignored in --skip-name-resolve mode.
2018-04-09 17:19:32 36 [Warning] 'proxies_priv' entry '@ root@e24d0b5cccc1' ignored in --skip-name-resolve mode.
2018-04-09 17:19:32 36 [Note] Event Scheduler: Loaded 0 events
2018-04-09 17:19:32 36 [Note] /usr/sbin/mysqld: ready for connections.
Version: '5.6.37'  socket: '/var/run/mysqld/mysqld.sock'  port: 3306  MySQL Community Server (GPL)
2018-04-10 14:18:43 19 [Warning] Using unique option prefix myisam-recover instead of myisam-recover-options is deprecated and will be removed in a future release. Please use the full name instead.
2018-04-10 14:18:43 19 [Note] Plugin 'FEDERATED' is disabled.
2018-04-10 14:18:43 19 [Note] InnoDB: Using atomics to ref count buffer pool pages
2018-04-10 14:18:43 19 [Note] InnoDB: The InnoDB memory heap is disabled
2018-04-10 14:18:43 19 [Note] InnoDB: Mutexes and rw_locks use GCC atomic builtins
2018-04-10 14:18:43 19 [Note] InnoDB: Memory barrier is not used
2018-04-10 14:18:43 19 [Note] InnoDB: Compressed tables use zlib 1.2.3
2018-04-10 14:18:43 19 [Note] InnoDB: Using Linux native AIO
2018-04-10 14:18:43 19 [Note] InnoDB: Using CPU crc32 instructions
2018-04-10 14:18:43 19 [Note] InnoDB: Initializing buffer pool, size = 32.0M
2018-04-10 14:18:43 19 [Note] InnoDB: Completed initialization of buffer pool
2018-04-10 14:18:43 19 [Note] InnoDB: Highest supported file format is Barracuda.
2018-04-10 14:18:43 19 [Note] InnoDB: The log sequence numbers 1625987 and 1625987 in ibdata files do not match the log sequence number 2516930 in the ib_logfiles!
2018-04-10 14:18:43 19 [Note] InnoDB: Database was not shutdown normally!
2018-04-10 14:18:43 19 [Note] InnoDB: Starting crash recovery.
2018-04-10 14:18:43 19 [Note] InnoDB: Reading tablespace information from the .ibd files...
2018-04-10 14:18:43 19 [Note] InnoDB: Restoring possible half-written data pages 
2018-04-10 14:18:43 19 [Note] InnoDB: from the doublewrite buffer...
2018-04-10 14:18:44 19 [Note] InnoDB: 128 rollback segment(s) are active.
2018-04-10 14:18:44 19 [Note] InnoDB: Waiting for purge to start
2018-04-10 14:18:44 19 [Note] InnoDB: 5.6.37 started; log sequence number 2516930
2018-04-10 14:18:44 19 [Note] Server hostname (bind-address): '*'; port: 3306
2018-04-10 14:18:44 19 [Note] IPv6 is available.
2018-04-10 14:18:44 19 [Note]   - '::' resolves to '::';
2018-04-10 14:18:44 19 [Note] Server socket created on IP: '::'.
2018-04-10 14:18:44 19 [Warning] 'user' entry 'root@e24d0b5cccc1' ignored in --skip-name-resolve mode.
2018-04-10 14:18:44 19 [Warning] 'user' entry '@e24d0b5cccc1' ignored in --skip-name-resolve mode.
2018-04-10 14:18:44 19 [Warning] 'proxies_priv' entry '@ root@e24d0b5cccc1' ignored in --skip-name-resolve mode.
2018-04-10 14:18:44 19 [Note] Event Scheduler: Loaded 0 events
2018-04-10 14:18:44 19 [Note] /usr/sbin/mysqld: ready for connections.
Version: '5.6.37'  socket: '/var/run/mysqld/mysqld.sock'  port: 3306  MySQL Community Server (GPL)
2018-04-10 15:39:14 42 [Warning] Using unique option prefix myisam-recover instead of myisam-recover-options is deprecated and will be removed in a future release. Please use the full name instead.
2018-04-10 15:39:14 42 [Note] Plugin 'FEDERATED' is disabled.
2018-04-10 15:39:14 42 [Note] InnoDB: Using atomics to ref count buffer pool pages
2018-04-10 15:39:14 42 [Note] InnoDB: The InnoDB memory heap is disabled
2018-04-10 15:39:14 42 [Note] InnoDB: Mutexes and rw_locks use GCC atomic builtins
2018-04-10 15:39:14 42 [Note] InnoDB: Memory barrier is not used
2018-04-10 15:39:14 42 [Note] InnoDB: Compressed tables use zlib 1.2.3
2018-04-10 15:39:14 42 [Note] InnoDB: Using Linux native AIO
2018-04-10 15:39:14 42 [Note] InnoDB: Using CPU crc32 instructions
2018-04-10 15:39:14 42 [Note] InnoDB: Initializing buffer pool, size = 32.0M
2018-04-10 15:39:14 42 [Note] InnoDB: Completed initialization of buffer pool
2018-04-10 15:39:14 42 [Note] InnoDB: Highest supported file format is Barracuda.
2018-04-10 15:39:14 42 [Note] InnoDB: The log sequence numbers 1625987 and 1625987 in ibdata files do not match the log sequence number 2593641 in the ib_logfiles!
2018-04-10 15:39:14 42 [Note] InnoDB: Database was not shutdown normally!
2018-04-10 15:39:14 42 [Note] InnoDB: Starting crash recovery.
2018-04-10 15:39:14 42 [Note] InnoDB: Reading tablespace information from the .ibd files...
2018-04-10 15:39:14 42 [Note] InnoDB: Restoring possible half-written data pages 
2018-04-10 15:39:14 42 [Note] InnoDB: from the doublewrite buffer...
2018-04-10 15:39:14 42 [Note] InnoDB: 128 rollback segment(s) are active.
2018-04-10 15:39:14 42 [Note] InnoDB: Waiting for purge to start
2018-04-10 15:39:14 42 [Note] InnoDB: 5.6.37 started; log sequence number 2593641
2018-04-10 15:39:14 42 [Note] Server hostname (bind-address): '*'; port: 3306
2018-04-10 15:39:14 42 [Note] IPv6 is available.
2018-04-10 15:39:14 42 [Note]   - '::' resolves to '::';
2018-04-10 15:39:14 42 [Note] Server socket created on IP: '::'.
2018-04-10 15:39:14 42 [Warning] 'user' entry 'root@e24d0b5cccc1' ignored in --skip-name-resolve mode.
2018-04-10 15:39:14 42 [Warning] 'user' entry '@e24d0b5cccc1' ignored in --skip-name-resolve mode.
2018-04-10 15:39:14 42 [Warning] 'proxies_priv' entry '@ root@e24d0b5cccc1' ignored in --skip-name-resolve mode.
2018-04-10 15:39:14 42 [Note] Event Scheduler: Loaded 0 events
2018-04-10 15:39:14 42 [Note] /usr/sbin/mysqld: ready for connections.
Version: '5.6.37'  socket: '/var/run/mysqld/mysqld.sock'  port: 3306  MySQL Community Server (GPL)
2018-04-11 08:13:57 19 [Warning] Using unique option prefix myisam-recover instead of myisam-recover-options is deprecated and will be removed in a future release. Please use the full name instead.
2018-04-11 08:13:57 19 [Note] Plugin 'FEDERATED' is disabled.
2018-04-11 08:13:57 19 [Note] InnoDB: Using atomics to ref count buffer pool pages
2018-04-11 08:13:57 19 [Note] InnoDB: The InnoDB memory heap is disabled
2018-04-11 08:13:57 19 [Note] InnoDB: Mutexes and rw_locks use GCC atomic builtins
2018-04-11 08:13:57 19 [Note] InnoDB: Memory barrier is not used
2018-04-11 08:13:57 19 [Note] InnoDB: Compressed tables use zlib 1.2.3
2018-04-11 08:13:57 19 [Note] InnoDB: Using Linux native AIO
2018-04-11 08:13:57 19 [Note] InnoDB: Using CPU crc32 instructions
2018-04-11 08:13:57 19 [Note] InnoDB: Initializing buffer pool, size = 32.0M
2018-04-11 08:13:57 19 [Note] InnoDB: Completed initialization of buffer pool
2018-04-11 08:13:57 19 [Note] InnoDB: Highest supported file format is Barracuda.
2018-04-11 08:13:57 19 [Note] InnoDB: The log sequence numbers 1625987 and 1625987 in ibdata files do not match the log sequence number 2598330 in the ib_logfiles!
2018-04-11 08:13:57 19 [Note] InnoDB: Database was not shutdown normally!
2018-04-11 08:13:57 19 [Note] InnoDB: Starting crash recovery.
2018-04-11 08:13:57 19 [Note] InnoDB: Reading tablespace information from the .ibd files...
2018-04-11 08:13:57 19 [Note] InnoDB: Restoring possible half-written data pages 
2018-04-11 08:13:57 19 [Note] InnoDB: from the doublewrite buffer...
2018-04-11 08:13:58 19 [Note] InnoDB: 128 rollback segment(s) are active.
2018-04-11 08:13:58 19 [Note] InnoDB: Waiting for purge to start
2018-04-11 08:13:58 19 [Note] InnoDB: 5.6.37 started; log sequence number 2598330
2018-04-11 08:13:58 19 [Note] Server hostname (bind-address): '*'; port: 3306
2018-04-11 08:13:58 19 [Note] IPv6 is available.
2018-04-11 08:13:58 19 [Note]   - '::' resolves to '::';
2018-04-11 08:13:58 19 [Note] Server socket created on IP: '::'.
2018-04-11 08:13:58 19 [Warning] 'user' entry 'root@e24d0b5cccc1' ignored in --skip-name-resolve mode.
2018-04-11 08:13:58 19 [Warning] 'user' entry '@e24d0b5cccc1' ignored in --skip-name-resolve mode.
2018-04-11 08:13:58 19 [Warning] 'proxies_priv' entry '@ root@e24d0b5cccc1' ignored in --skip-name-resolve mode.
2018-04-11 08:13:58 19 [Note] Event Scheduler: Loaded 0 events
2018-04-11 08:13:58 19 [Note] /usr/sbin/mysqld: ready for connections.
Version: '5.6.37'  socket: '/var/run/mysqld/mysqld.sock'  port: 3306  MySQL Community Server (GPL)
2018-04-11 09:02:03 42 [Warning] Using unique option prefix myisam-recover instead of myisam-recover-options is deprecated and will be removed in a future release. Please use the full name instead.
2018-04-11 09:02:03 42 [Note] Plugin 'FEDERATED' is disabled.
2018-04-11 09:02:03 42 [Note] InnoDB: Using atomics to ref count buffer pool pages
2018-04-11 09:02:03 42 [Note] InnoDB: The InnoDB memory heap is disabled
2018-04-11 09:02:03 42 [Note] InnoDB: Mutexes and rw_locks use GCC atomic builtins
2018-04-11 09:02:03 42 [Note] InnoDB: Memory barrier is not used
2018-04-11 09:02:03 42 [Note] InnoDB: Compressed tables use zlib 1.2.3
2018-04-11 09:02:03 42 [Note] InnoDB: Using Linux native AIO
2018-04-11 09:02:03 42 [Note] InnoDB: Using CPU crc32 instructions
2018-04-11 09:02:03 42 [Note] InnoDB: Initializing buffer pool, size = 32.0M
2018-04-11 09:02:03 42 [Note] InnoDB: Completed initialization of buffer pool
2018-04-11 09:02:03 42 [Note] InnoDB: Highest supported file format is Barracuda.
2018-04-11 09:02:03 42 [Note] InnoDB: Log scan progressed past the checkpoint lsn 2751920
2018-04-11 09:02:03 42 [Note] InnoDB: Database was not shutdown normally!
2018-04-11 09:02:03 42 [Note] InnoDB: Starting crash recovery.
2018-04-11 09:02:03 42 [Note] InnoDB: Reading tablespace information from the .ibd files...
2018-04-11 09:02:03 42 [Note] InnoDB: Restoring possible half-written data pages 
2018-04-11 09:02:03 42 [Note] InnoDB: from the doublewrite buffer...
InnoDB: Doing recovery: scanned up to log sequence number 2751960
2018-04-11 09:02:03 42 [Note] InnoDB: 128 rollback segment(s) are active.
2018-04-11 09:02:03 42 [Note] InnoDB: Waiting for purge to start
2018-04-11 09:02:03 42 [Note] InnoDB: 5.6.37 started; log sequence number 2751960
2018-04-11 09:02:03 42 [Note] Server hostname (bind-address): '*'; port: 3306
2018-04-11 09:02:03 42 [Note] IPv6 is available.
2018-04-11 09:02:03 42 [Note]   - '::' resolves to '::';
2018-04-11 09:02:03 42 [Note] Server socket created on IP: '::'.
2018-04-11 09:02:03 42 [Warning] 'user' entry 'root@e24d0b5cccc1' ignored in --skip-name-resolve mode.
2018-04-11 09:02:03 42 [Warning] 'user' entry '@e24d0b5cccc1' ignored in --skip-name-resolve mode.
2018-04-11 09:02:03 42 [Warning] 'proxies_priv' entry '@ root@e24d0b5cccc1' ignored in --skip-name-resolve mode.
2018-04-11 09:02:03 42 [Note] Event Scheduler: Loaded 0 events
2018-04-11 09:02:03 42 [Note] /usr/sbin/mysqld: ready for connections.
Version: '5.6.37'  socket: '/var/run/mysqld/mysqld.sock'  port: 3306  MySQL Community Server (GPL)
2018-04-11 16:36:46 67 [Warning] Using unique option prefix myisam-recover instead of myisam-recover-options is deprecated and will be removed in a future release. Please use the full name instead.
2018-04-11 16:36:46 67 [Note] Plugin 'FEDERATED' is disabled.
2018-04-11 16:36:46 67 [Note] InnoDB: Using atomics to ref count buffer pool pages
2018-04-11 16:36:46 67 [Note] InnoDB: The InnoDB memory heap is disabled
2018-04-11 16:36:46 67 [Note] InnoDB: Mutexes and rw_locks use GCC atomic builtins
2018-04-11 16:36:46 67 [Note] InnoDB: Memory barrier is not used
2018-04-11 16:36:46 67 [Note] InnoDB: Compressed tables use zlib 1.2.3
2018-04-11 16:36:46 67 [Note] InnoDB: Using Linux native AIO
2018-04-11 16:36:46 67 [Note] InnoDB: Using CPU crc32 instructions
2018-04-11 16:36:46 67 [Note] InnoDB: Initializing buffer pool, size = 32.0M
2018-04-11 16:36:46 67 [Note] InnoDB: Completed initialization of buffer pool
2018-04-11 16:36:47 67 [Note] InnoDB: Highest supported file format is Barracuda.
2018-04-11 16:36:47 67 [Note] InnoDB: The log sequence numbers 1625987 and 1625987 in ibdata files do not match the log sequence number 2752529 in the ib_logfiles!
2018-04-11 16:36:47 67 [Note] InnoDB: Database was not shutdown normally!
2018-04-11 16:36:47 67 [Note] InnoDB: Starting crash recovery.
2018-04-11 16:36:47 67 [Note] InnoDB: Reading tablespace information from the .ibd files...
2018-04-11 16:36:47 67 [Note] InnoDB: Restoring possible half-written data pages 
2018-04-11 16:36:47 67 [Note] InnoDB: from the doublewrite buffer...
2018-04-11 16:36:47 67 [Note] InnoDB: 128 rollback segment(s) are active.
2018-04-11 16:36:47 67 [Note] InnoDB: Waiting for purge to start
2018-04-11 16:36:47 67 [Note] InnoDB: 5.6.37 started; log sequence number 2752529
2018-04-11 16:36:47 67 [Note] Server hostname (bind-address): '*'; port: 3306
2018-04-11 16:36:47 67 [Note] IPv6 is available.
2018-04-11 16:36:47 67 [Note]   - '::' resolves to '::';
2018-04-11 16:36:47 67 [Note] Server socket created on IP: '::'.
2018-04-11 16:36:47 67 [Warning] 'user' entry 'root@e24d0b5cccc1' ignored in --skip-name-resolve mode.
2018-04-11 16:36:47 67 [Warning] 'user' entry '@e24d0b5cccc1' ignored in --skip-name-resolve mode.
2018-04-11 16:36:47 67 [Warning] 'proxies_priv' entry '@ root@e24d0b5cccc1' ignored in --skip-name-resolve mode.
2018-04-11 16:36:47 67 [Note] Event Scheduler: Loaded 0 events
2018-04-11 16:36:47 67 [Note] /usr/sbin/mysqld: ready for connections.
Version: '5.6.37'  socket: '/var/run/mysqld/mysqld.sock'  port: 3306  MySQL Community Server (GPL)
2018-04-13 05:49:10 19 [Warning] Using unique option prefix myisam-recover instead of myisam-recover-options is deprecated and will be removed in a future release. Please use the full name instead.
2018-04-13 05:49:10 19 [Note] Plugin 'FEDERATED' is disabled.
2018-04-13 05:49:10 19 [Note] InnoDB: Using atomics to ref count buffer pool pages
2018-04-13 05:49:10 19 [Note] InnoDB: The InnoDB memory heap is disabled
2018-04-13 05:49:10 19 [Note] InnoDB: Mutexes and rw_locks use GCC atomic builtins
2018-04-13 05:49:10 19 [Note] InnoDB: Memory barrier is not used
2018-04-13 05:49:10 19 [Note] InnoDB: Compressed tables use zlib 1.2.3
2018-04-13 05:49:10 19 [Note] InnoDB: Using Linux native AIO
2018-04-13 05:49:10 19 [Note] InnoDB: Using CPU crc32 instructions
2018-04-13 05:49:10 19 [Note] InnoDB: Initializing buffer pool, size = 32.0M
2018-04-13 05:49:10 19 [Note] InnoDB: Completed initialization of buffer pool
2018-04-13 05:49:10 19 [Note] InnoDB: Highest supported file format is Barracuda.
2018-04-13 05:49:10 19 [Note] InnoDB: The log sequence numbers 1625987 and 1625987 in ibdata files do not match the log sequence number 2824920 in the ib_logfiles!
2018-04-13 05:49:10 19 [Note] InnoDB: Database was not shutdown normally!
2018-04-13 05:49:10 19 [Note] InnoDB: Starting crash recovery.
2018-04-13 05:49:10 19 [Note] InnoDB: Reading tablespace information from the .ibd files...
2018-04-13 05:49:10 19 [Note] InnoDB: Restoring possible half-written data pages 
2018-04-13 05:49:10 19 [Note] InnoDB: from the doublewrite buffer...
2018-04-13 05:49:10 19 [Note] InnoDB: 128 rollback segment(s) are active.
2018-04-13 05:49:10 19 [Note] InnoDB: Waiting for purge to start
2018-04-13 05:49:10 19 [Note] InnoDB: 5.6.37 started; log sequence number 2824920
2018-04-13 05:49:10 19 [Note] Server hostname (bind-address): '*'; port: 3306
2018-04-13 05:49:10 19 [Note] IPv6 is available.
2018-04-13 05:49:10 19 [Note]   - '::' resolves to '::';
2018-04-13 05:49:10 19 [Note] Server socket created on IP: '::'.
2018-04-13 05:49:10 19 [Warning] 'user' entry 'root@e24d0b5cccc1' ignored in --skip-name-resolve mode.
2018-04-13 05:49:10 19 [Warning] 'user' entry '@e24d0b5cccc1' ignored in --skip-name-resolve mode.
2018-04-13 05:49:10 19 [Warning] 'proxies_priv' entry '@ root@e24d0b5cccc1' ignored in --skip-name-resolve mode.
2018-04-13 05:49:10 19 [Note] Event Scheduler: Loaded 0 events
2018-04-13 05:49:10 19 [Note] /usr/sbin/mysqld: ready for connections.
Version: '5.6.37'  socket: '/var/run/mysqld/mysqld.sock'  port: 3306  MySQL Community Server (GPL)
2018-04-16 18:00:04 75 [Warning] Using unique option prefix myisam-recover instead of myisam-recover-options is deprecated and will be removed in a future release. Please use the full name instead.
2018-04-16 18:00:04 75 [Note] Plugin 'FEDERATED' is disabled.
2018-04-16 18:00:04 75 [Note] InnoDB: Using atomics to ref count buffer pool pages
2018-04-16 18:00:04 75 [Note] InnoDB: The InnoDB memory heap is disabled
2018-04-16 18:00:04 75 [Note] InnoDB: Mutexes and rw_locks use GCC atomic builtins
2018-04-16 18:00:04 75 [Note] InnoDB: Memory barrier is not used
2018-04-16 18:00:04 75 [Note] InnoDB: Compressed tables use zlib 1.2.3
2018-04-16 18:00:04 75 [Note] InnoDB: Using Linux native AIO
2018-04-16 18:00:04 75 [Note] InnoDB: Using CPU crc32 instructions
2018-04-16 18:00:04 75 [Note] InnoDB: Initializing buffer pool, size = 32.0M
2018-04-16 18:00:05 75 [Note] InnoDB: Completed initialization of buffer pool
2018-04-16 18:00:05 75 [Note] InnoDB: Highest supported file format is Barracuda.
2018-04-16 18:00:05 75 [Note] InnoDB: The log sequence numbers 1625987 and 1625987 in ibdata files do not match the log sequence number 2824990 in the ib_logfiles!
2018-04-16 18:00:05 75 [Note] InnoDB: Database was not shutdown normally!
2018-04-16 18:00:05 75 [Note] InnoDB: Starting crash recovery.
2018-04-16 18:00:05 75 [Note] InnoDB: Reading tablespace information from the .ibd files...
2018-04-16 18:00:05 75 [Note] InnoDB: Restoring possible half-written data pages 
2018-04-16 18:00:05 75 [Note] InnoDB: from the doublewrite buffer...
2018-04-16 18:00:05 75 [Note] InnoDB: 128 rollback segment(s) are active.
2018-04-16 18:00:05 75 [Note] InnoDB: Waiting for purge to start
2018-04-16 18:00:05 75 [Note] InnoDB: 5.6.37 started; log sequence number 2824990
2018-04-16 18:00:05 75 [Note] Server hostname (bind-address): '*'; port: 3306
2018-04-16 18:00:05 75 [Note] IPv6 is available.
2018-04-16 18:00:05 75 [Note]   - '::' resolves to '::';
2018-04-16 18:00:05 75 [Note] Server socket created on IP: '::'.
2018-04-16 18:00:05 75 [Warning] 'user' entry 'root@e24d0b5cccc1' ignored in --skip-name-resolve mode.
2018-04-16 18:00:05 75 [Warning] 'user' entry '@e24d0b5cccc1' ignored in --skip-name-resolve mode.
2018-04-16 18:00:05 75 [Warning] 'proxies_priv' entry '@ root@e24d0b5cccc1' ignored in --skip-name-resolve mode.
2018-04-16 18:00:05 75 [Note] Event Scheduler: Loaded 0 events
2018-04-16 18:00:05 75 [Note] /usr/sbin/mysqld: ready for connections.
Version: '5.6.37'  socket: '/var/run/mysqld/mysqld.sock'  port: 3306  MySQL Community Server (GPL)
2018-04-17 20:42:34 19 [Warning] Using unique option prefix myisam-recover instead of myisam-recover-options is deprecated and will be removed in a future release. Please use the full name instead.
2018-04-17 20:42:34 19 [Note] Plugin 'FEDERATED' is disabled.
2018-04-17 20:42:34 19 [Note] InnoDB: Using atomics to ref count buffer pool pages
2018-04-17 20:42:34 19 [Note] InnoDB: The InnoDB memory heap is disabled
2018-04-17 20:42:34 19 [Note] InnoDB: Mutexes and rw_locks use GCC atomic builtins
2018-04-17 20:42:34 19 [Note] InnoDB: Memory barrier is not used
2018-04-17 20:42:34 19 [Note] InnoDB: Compressed tables use zlib 1.2.3
2018-04-17 20:42:34 19 [Note] InnoDB: Using Linux native AIO
2018-04-17 20:42:34 19 [Note] InnoDB: Using CPU crc32 instructions
2018-04-17 20:42:34 19 [Note] InnoDB: Initializing buffer pool, size = 32.0M
2018-04-17 20:42:34 19 [Note] InnoDB: Completed initialization of buffer pool
2018-04-17 20:42:34 19 [Note] InnoDB: Highest supported file format is Barracuda.
2018-04-17 20:42:34 19 [Note] InnoDB: The log sequence numbers 1625987 and 1625987 in ibdata files do not match the log sequence number 2825000 in the ib_logfiles!
2018-04-17 20:42:34 19 [Note] InnoDB: Database was not shutdown normally!
2018-04-17 20:42:34 19 [Note] InnoDB: Starting crash recovery.
2018-04-17 20:42:34 19 [Note] InnoDB: Reading tablespace information from the .ibd files...
2018-04-17 20:42:34 19 [Note] InnoDB: Restoring possible half-written data pages 
2018-04-17 20:42:34 19 [Note] InnoDB: from the doublewrite buffer...
2018-04-17 20:42:34 19 [Note] InnoDB: 128 rollback segment(s) are active.
2018-04-17 20:42:34 19 [Note] InnoDB: Waiting for purge to start
2018-04-17 20:42:34 19 [Note] InnoDB: 5.6.37 started; log sequence number 2825000
2018-04-17 20:42:34 19 [Note] Server hostname (bind-address): '*'; port: 3306
2018-04-17 20:42:34 19 [Note] IPv6 is available.
2018-04-17 20:42:34 19 [Note]   - '::' resolves to '::';
2018-04-17 20:42:34 19 [Note] Server socket created on IP: '::'.
2018-04-17 20:42:34 19 [Warning] 'user' entry 'root@e24d0b5cccc1' ignored in --skip-name-resolve mode.
2018-04-17 20:42:34 19 [Warning] 'user' entry '@e24d0b5cccc1' ignored in --skip-name-resolve mode.
2018-04-17 20:42:34 19 [Warning] 'proxies_priv' entry '@ root@e24d0b5cccc1' ignored in --skip-name-resolve mode.
2018-04-17 20:42:35 19 [Note] Event Scheduler: Loaded 0 events
2018-04-17 20:42:35 19 [Note] /usr/sbin/mysqld: ready for connections.
Version: '5.6.37'  socket: '/var/run/mysqld/mysqld.sock'  port: 3306  MySQL Community Server (GPL)
2018-04-20 06:49:15 59 [Warning] Using unique option prefix myisam-recover instead of myisam-recover-options is deprecated and will be removed in a future release. Please use the full name instead.
2018-04-20 06:49:15 59 [Note] Plugin 'FEDERATED' is disabled.
2018-04-20 06:49:16 59 [Note] InnoDB: Using atomics to ref count buffer pool pages
2018-04-20 06:49:16 59 [Note] InnoDB: The InnoDB memory heap is disabled
2018-04-20 06:49:16 59 [Note] InnoDB: Mutexes and rw_locks use GCC atomic builtins
2018-04-20 06:49:16 59 [Note] InnoDB: Memory barrier is not used
2018-04-20 06:49:16 59 [Note] InnoDB: Compressed tables use zlib 1.2.3
2018-04-20 06:49:16 59 [Note] InnoDB: Using Linux native AIO
2018-04-20 06:49:16 59 [Note] InnoDB: Using CPU crc32 instructions
2018-04-20 06:49:16 59 [Note] InnoDB: Initializing buffer pool, size = 32.0M
2018-04-20 06:49:16 59 [Note] InnoDB: Completed initialization of buffer pool
2018-04-20 06:49:16 59 [Note] InnoDB: Highest supported file format is Barracuda.
2018-04-20 06:49:16 59 [Note] InnoDB: The log sequence numbers 1625987 and 1625987 in ibdata files do not match the log sequence number 2825010 in the ib_logfiles!
2018-04-20 06:49:16 59 [Note] InnoDB: Database was not shutdown normally!
2018-04-20 06:49:16 59 [Note] InnoDB: Starting crash recovery.
2018-04-20 06:49:16 59 [Note] InnoDB: Reading tablespace information from the .ibd files...
2018-04-20 06:49:16 59 [Note] InnoDB: Restoring possible half-written data pages 
2018-04-20 06:49:16 59 [Note] InnoDB: from the doublewrite buffer...
2018-04-20 06:49:16 59 [Note] InnoDB: 128 rollback segment(s) are active.
2018-04-20 06:49:16 59 [Note] InnoDB: Waiting for purge to start
2018-04-20 06:49:16 59 [Note] InnoDB: 5.6.37 started; log sequence number 2825010
2018-04-20 06:49:16 59 [Note] Server hostname (bind-address): '*'; port: 3306
2018-04-20 06:49:16 59 [Note] IPv6 is available.
2018-04-20 06:49:16 59 [Note]   - '::' resolves to '::';
2018-04-20 06:49:16 59 [Note] Server socket created on IP: '::'.
2018-04-20 06:49:16 59 [Warning] 'user' entry 'root@e24d0b5cccc1' ignored in --skip-name-resolve mode.
2018-04-20 06:49:16 59 [Warning] 'user' entry '@e24d0b5cccc1' ignored in --skip-name-resolve mode.
2018-04-20 06:49:16 59 [Warning] 'proxies_priv' entry '@ root@e24d0b5cccc1' ignored in --skip-name-resolve mode.
2018-04-20 06:49:16 59 [Note] Event Scheduler: Loaded 0 events
2018-04-20 06:49:16 59 [Note] /usr/sbin/mysqld: ready for connections.
Version: '5.6.37'  socket: '/var/run/mysqld/mysqld.sock'  port: 3306  MySQL Community Server (GPL)
